Arguments: 
  /Users/Zjolie/.nvm/versions/node/v14.4.0/bin/node /Users/Zjolie/.nvm/versions/node/v14.4.0/bin/yarn start

PATH: 
  /Users/Zjolie/.nvm/versions/node/v14.4.0/bin:/usr/local/bin:/usr/bin:/bin:/usr/sbin:/sbin:/Users/Zjolie/.nvm/versions/node/v14.4.0/bin

Yarn version: 
  1.22.5

Node version: 
  14.4.0

Platform: 
  darwin x64

Trace: 
  SyntaxError: /Users/Zjolie/CodeProjects/backstage2/client/package.json: Unexpected end of JSON input
      at JSON.parse (<anonymous>)
      at /Users/Zjolie/.nvm/versions/node/v14.4.0/lib/node_modules/yarn/lib/cli.js:1625:59
      at Generator.next (<anonymous>)
      at step (/Users/Zjolie/.nvm/versions/node/v14.4.0/lib/node_modules/yarn/lib/cli.js:310:30)
      at /Users/Zjolie/.nvm/versions/node/v14.4.0/lib/node_modules/yarn/lib/cli.js:321:13

npm manifest: 
  

yarn manifest: 
  No manifest

Lockfile: 
  No lockfile
